\BOOKMARK [1][-]{section.1}{Data preparation}{}% 1
\BOOKMARK [2][-]{subsection.1.1}{Dataset Preprocessing}{section.1}% 2
\BOOKMARK [1][-]{section.2}{Data processing}{}% 3
\BOOKMARK [2][-]{subsection.2.1}{Exploratory PCA}{section.2}% 4
\BOOKMARK [3][-]{subsubsection.2.1.1}{Demographics}{subsection.2.1}% 5
\BOOKMARK [3][-]{subsubsection.2.1.2}{Economics}{subsection.2.1}% 6
\BOOKMARK [3][-]{subsubsection.2.1.3}{Energy}{subsection.2.1}% 7
\BOOKMARK [3][-]{subsubsection.2.1.4}{Communication}{subsection.2.1}% 8
\BOOKMARK [3][-]{subsubsection.2.1.5}{Geography}{subsection.2.1}% 9
\BOOKMARK [3][-]{subsubsection.2.1.6}{Military}{subsection.2.1}% 10
\BOOKMARK [2][-]{subsection.2.2}{PCA}{section.2}% 11
\BOOKMARK [2][-]{subsection.2.3}{CA}{section.2}% 12
\BOOKMARK [2][-]{subsection.2.4}{FDA}{section.2}% 13
\BOOKMARK [1][-]{section.3}{Data postprocessing}{}% 14
\BOOKMARK [1][-]{section.4}{Conclusions and interpretations}{}% 15
\BOOKMARK [1][-]{appendix.A}{Appendices}{}% 16
\BOOKMARK [2][-]{subsection.A.1}{Dataset Description}{appendix.A}% 17
\BOOKMARK [2][-]{subsection.A.2}{Countries Dictionary}{appendix.A}% 18
\BOOKMARK [2][-]{subsection.A.3}{Preprocessing Code}{appendix.A}% 19
\BOOKMARK [2][-]{subsection.A.4}{Figures}{appendix.A}% 20
