a1SELECTION OF CASES AND VARIABLES                         
b2SUPPLEMENTARY CATEGORICAL VARIABLES
X      2 VARIABLES      11 ASSOCIATED CATEGORIES
 E----------------------------------------------------------------------------------------------------------------------------------
     2 . Continent                                                    (   6 CATEGORIES )
    35 . SectorLaborFractions                                         (   5 CATEGORIES )
 F----------------------------------------------------------------------------------------------------------------------------------
b2ACTIVE CONTINUOUS VARIABLES
X     15 VARIABLES
 E----------------------------------------------------------------------------------------------------------------------------------
    20 . ExchangeRate                                                 ( CONTINUOUS )
    21 . ExternalDebt                                                 ( CONTINUOUS )
    22 . ForeignExchangeReserves                                      ( CONTINUOUS )
    23 . GDP                                                          ( CONTINUOUS )
    24 . GDPAtParity                                                  ( CONTINUOUS )
    25 . GDPPerCapita                                                 ( CONTINUOUS )
    26 . GDPRealGrowth                                                ( CONTINUOUS )
    27 . GovernmentDebt                                               ( CONTINUOUS )
    28 . GovernmentExpenditures                                       ( CONTINUOUS )
    29 . GovernmentReceipts                                           ( CONTINUOUS )
    30 . IndustrialProductionGrowth                                   ( CONTINUOUS )
    31 . InflationRate                                                ( CONTINUOUS )
    32 . LaborForce                                                   ( CONTINUOUS )
    33 . PriceIndex                                                   ( CONTINUOUS )
    34 . UnemploymentFraction                                         ( CONTINUOUS )
 F----------------------------------------------------------------------------------------------------------------------------------
Z 
p 
B2CASES
 E----------------------------- NUMBER --------------WEIGHT ---------------
   WEIGHT OF CASES      : Weight of objects, uniform equal to 1.                  UNIF
   KEPT ............... NITOT =    192      PITOT =             192.000
   ACTIVE ............. NIACT =    192      PIACT =             192.000
   SUPPLEMENTARY ...... NISUP =      0      PISUP =               0.000
 F-------------------------------------------------------------------------
Z 
Z 
P 
a1PRINCIPAL COMPONENTS ANALYSIS                            
b2SUMMARY STATISTICS OF CONTINUOUS VARIABLES
 ETOTAL COUNT    :     192             TOTAL WEIGHT   :     192.00
 e+-------------------------------------------------------+----------------------+----------------------+
 e| NUM . IDEN - LABEL                  COUNT     WEIGHT  |      MEAN  STD.DEV.  |   MINIMUM   MAXIMUM  |
 e+-------------------------------------------------------+----------------------+----------------------+
  |  20 . Exch - ExchangeRate             192     192.00  |      1.33      1.49  |     -0.57     12.44  |
  |  21 . Exte - ExternalDebt             185     185.00  |     10.01      1.18  |      7.00     13.09  |
  |  22 . Fore - ForeignExchangeReser     153     153.00  |      9.77      0.94  |      7.38     12.31  |
  |  23 . GDP  - GDP                      192     192.00  |     10.36      1.08  |      7.39     13.15  |
  |  24 . GDPA - GDPAtParity              192     192.00  |     10.54      1.04  |      7.17     13.16  |
  |  25 . GDPP - GDPPerCapita             192     192.00  |      3.64      0.71  |      2.14      5.33  |
  |  26 . GDPR - GDPRealGrowth            192     192.00  |      0.04      0.04  |     -0.15      0.16  |
  |  27 . Gove - GovernmentDebt           127     127.00  |     10.26      0.94  |      8.25     12.91  |
  |  28 . Gove - GovernmentExpenditur     189     189.00  |      9.08      1.19  |      7.00     12.00  |
  |  29 . Gove - GovernmentReceipts       189     189.00  |      9.06      1.19  |      7.00     12.00  |
  |  30 . Indu - IndustrialProduction     170     170.00  |      0.03      0.04  |     -0.15      0.14  |
  |  31 . Infl - InflationRate            192     192.00  |      0.12      0.10  |     -0.19      0.52  |
  |  32 . Labo - LaborForce               185     185.00  |      5.88      0.98  |      3.00      8.00  |
  |  33 . Pric - PriceIndex               192     192.00  |    188.32     71.41  |     67.30    410.74  |
  |  34 . Unem - UnemploymentFraction     168     168.00  |      0.14      0.16  |      0.00      0.90  |
 f+-------------------------------------------------------+----------------------+----------------------+
Z 
p 
b2CORRELATION MATRIX
cE     |   Exch   Exte   Fore   GDP    GDPA   GDPP   GDPR   Gove   Gove   Gove   Indu   Infl   Labo   Pric   Unem
  -----+---------------------------------------------------------------------------------------------------------
  Exch |   1.00
  Exte |  -0.20   1.00
  Fore |  -0.21   0.63   1.00
  GDP  |  -0.14   0.88   0.69   1.00
  GDPA |  -0.09   0.84   0.67   0.98   1.00
  GDPP |  -0.55   0.55   0.41   0.49   0.37   1.00
  GDPR |   0.08  -0.09   0.05   0.03   0.10  -0.24   1.00
  Gove |  -0.13   0.69   0.51   0.64   0.61   0.28  -0.09   1.00
  Gove |  -0.16   0.86   0.70   0.94   0.92   0.53  -0.06   0.62   1.00
  Gove |  -0.17   0.86   0.69   0.94   0.92   0.53  -0.06   0.62   0.98   1.00
  Indu |   0.02  -0.11  -0.05  -0.06   0.00  -0.23   0.57  -0.07  -0.10  -0.09   1.00
  Infl |   0.03   0.01   0.05   0.10   0.10  -0.01   0.16  -0.08   0.00   0.02   0.27   1.00
  Labo |   0.21   0.58   0.47   0.73   0.79  -0.13   0.20   0.51   0.64   0.64   0.11   0.15   1.00
  Pric |  -0.11   0.13   0.20   0.17   0.15   0.30   0.03  -0.04   0.11   0.14  -0.02   0.40   0.04   1.00
  Unem |   0.30  -0.32  -0.20  -0.33  -0.31  -0.41  -0.15  -0.19  -0.29  -0.28  -0.07  -0.03  -0.01  -0.14   1.00
  -----+---------------------------------------------------------------------------------------------------------
 F     |   Exch   Exte   Fore   GDP    GDPA   GDPP   GDPR   Gove   Gove   Gove   Indu   Infl   Labo   Pric   Unem
Z 
Z 
p 
b2TEST-VALUES MATRIX
cE     |   Exch   Exte   Fore   GDP    GDPA   GDPP   GDPR   Gove   Gove   Gove   Indu   Infl   Labo   Pric   Unem
  -----+---------------------------------------------------------------------------------------------------------
  Exch |  99.99
  Exte |  -2.82  99.99
  Fore |  -2.62   9.12  99.99
  GDP  |  -1.96  19.02  10.47  99.99
  GDPA |  -1.28  16.41  10.12  32.83  99.99
  GDPP |  -8.47   8.36   5.45   7.46   5.37  99.99
  GDPR |   1.07  -1.26   0.62   0.42   1.33  -3.35  99.99
  Gove |  -1.47   9.53   6.32   8.47   8.02   3.19  -1.03  99.99
  Gove |  -2.28  17.56  10.67  24.11  21.51   8.03  -0.85   8.14  99.99
  Gove |  -2.34  17.39  10.43  24.13  21.57   8.12  -0.84   8.23  31.48  99.99
  Indu |   0.29  -1.48  -0.64  -0.72  -0.05  -2.99   8.45  -0.76  -1.33  -1.20  99.99
  Infl |   0.40   0.20   0.65   1.40   1.38  -0.08   2.24  -0.92  -0.03   0.34   3.54  99.99
  Labo |   2.86   8.94   6.34  12.67  14.75  -1.79   2.70   6.41  10.32  10.38   1.48   2.05  99.99
  Pric |  -1.53   1.85   2.47   2.42   2.14   4.26   0.47  -0.43   1.57   1.97  -0.22   5.84   0.56  99.99
  Unem |   4.04  -4.36  -2.49  -4.43  -4.20  -5.57  -1.91  -2.17  -3.85  -3.75  -0.90  -0.36  -0.17  -1.77  99.99
  -----+---------------------------------------------------------------------------------------------------------
 F     |   Exch   Exte   Fore   GDP    GDPA   GDPP   GDPR   Gove   Gove   Gove   Indu   Infl   Labo   Pric   Unem
Z 
Z 
P 
b2EIGENVALUES
X COMPUTATIONS PRECISION SUMMARY : TRACE BEFORE DIAGONALISATION..  15.0000
X                                  SUM OF EIGENVALUES............  15.0000
c2HISTOGRAM OF THE FIRST  15 EIGENVALUES
 e+--------+------------+-------------+-------------+----------------------------------------------------------------------------------+
 e| NUMBER | EIGENVALUE | PERCENTAGE  |  CUMULATED  |                                                                                  |
 e|        |            |             |  PERCENTAGE |                                                                                  |
 e+--------+------------+-------------+-------------+----------------------------------------------------------------------------------+
  |    1   |   6.6318   |     44.21   |     44.21   | ******************************************************************************** |
  |    2   |   2.0859   |     13.91   |     58.12   | **************************                                                       |
  |    3   |   1.7185   |     11.46   |     69.58   | *********************                                                            |
  |    4   |   1.2262   |      8.17   |     77.75   | ***************                                                                  |
  |    5   |   0.7091   |      4.73   |     82.48   | *********                                                                        |
  |    6   |   0.6158   |      4.11   |     86.58   | ********                                                                         |
  |    7   |   0.5000   |      3.33   |     89.92   | *******                                                                          |
  |    8   |   0.4375   |      2.92   |     92.83   | ******                                                                           |
  |    9   |   0.4054   |      2.70   |     95.54   | *****                                                                            |
  |   10   |   0.3274   |      2.18   |     97.72   | ****                                                                             |
  |   11   |   0.1535   |      1.02   |     98.74   | **                                                                               |
  |   12   |   0.1056   |      0.70   |     99.45   | **                                                                               |
  |   13   |   0.0584   |      0.39   |     99.83   | *                                                                                |
  |   14   |   0.0193   |      0.13   |     99.96   | *                                                                                |
  |   15   |   0.0055   |      0.04   |    100.00   | *                                                                                |
 f+--------+------------+-------------+-------------+----------------------------------------------------------------------------------+
Z
p 
c2RESEARCH OF IRREGULARITIES (THIRD DIFFERENCES)
 e+--------------+--------------+------------------------------------------------------+
 e| IRREGULARITY | IRREGULARITY |                                                      |
 e|    BETWEEN   |    VALUE     |                                                      |
 e+--------------+--------------+------------------------------------------------------+
  |    1  --  2  |    -4303.39  | **************************************************** |
  |    4  --  5  |     -446.54  | ******                                               |
  |   10  -- 11  |     -125.31  | **                                                   |
  |    9  -- 10  |      -76.28  | *                                                    |
  |    6  --  7  |      -23.08  | *                                                    |
 f+--------------+--------------+------------------------------------------------------+
Z 
p 
c2RESEARCH OF IRREGULARITIES (SECOND DIFFERENCES)
 e+--------------+--------------+------------------------------------------------------+
 e| IRREGULARITY | IRREGULARITY |                                                      |
 e|    BETWEEN   |    VALUE     |                                                      |
 e+--------------+--------------+------------------------------------------------------+
  |    1  --  2  |     4178.48  | **************************************************** |
  |    4  --  5  |      423.90  | ******                                               |
  |   10  -- 11  |      125.96  | **                                                   |
  |    6  --  7  |       53.43  | *                                                    |
  |    7  --  8  |       30.35  | *                                                    |
  |   11  -- 12  |        0.65  | *                                                    |
 f+--------------+--------------+------------------------------------------------------+
Z 
p 
b2ANDERSON'S LAPLACE INTERVALS
c2WITH 0.95 THRESHOLD
 e+--------+--------------------------------------------------------+
 e| NUMBER |   LOWER LIMIT         EIGENVALUE         UPPER LIMIT   |
 e+--------+--------------------------------------------------------+
  |    1   |      5.3017             6.6318             7.9619      |
  |    2   |      1.6676             2.0859             2.5043      |
  |    3   |      1.3738             1.7185             2.0632      |
  |    4   |      0.9803             1.2262             1.4721      |
  |    5   |      0.5669             0.7091             0.8513      |
 f+--------+--------------------------------------------------------+
Z 
p 
c2LENGTH AND RELATIVE POSITION OF INTERVALS
  1 . . . . . . . . . . . . . . . . . . . . . . . . . . . . . . . . . . . . . . . . .*----------------------+-----------------------*
  2 . . . . . . . . . .*------+------*. . . . . . . . . . . . . . . . . . . . . . . . . . . . . . . . . . . . . . . . . . . . . . . .
  3 . . . . . . .*-----+-----*. . . . . . . . . . . . . . . . . . . . . . . . . . . . . . . . . . . . . . . . . . . . . . . . . . . .
  4 . . . .*---+---*. . . . . . . . . . . . . . . . . . . . . . . . . . . . . . . . . . . . . . . . . . . . . . . . . . . . . . . . .
  5 *-+-* . . . . . . . . . . . . . . . . . . . . . . . . . . . . . . . . . . . . . . . . . . . . . . . . . . . . . . . . . . . . . .
 F
Z 
Z 
P 
b2COORDINATES OF VARIABLES ON  AXES  1 TO  5
c2ACTIVE VARIABLES
 e----------------------------+------------------------------------+-------------------------------+-------------------------------
 e         VARIABLES          |             COORDINATES            | VARIABLE-FACTOR CORRELATIONS  |    NORMED EIGENVECTORS
 e----------------------------+------------------------------------+-------------------------------+-------------------------------
 eIDEN - SHORT LABEL          |    1      2      3      4      5   |    1     2     3     4     5  |    1     2     3     4     5
 e----------------------------+------------------------------------+-------------------------------+-------------------------------
  Exch - ExchangeRate         |  -0.23   0.54  -0.46   0.31  -0.44 | -0.23  0.54 -0.46  0.31 -0.44 | -0.09  0.38 -0.35  0.28 -0.52
  Exte - ExternalDebt         |   0.92  -0.07  -0.06  -0.02  -0.01 |  0.92 -0.07 -0.06 -0.02 -0.01 |  0.36 -0.05 -0.04 -0.01 -0.01
  Fore - ForeignExchangeReser |   0.76   0.01   0.05   0.03   0.20 |  0.76  0.01  0.05  0.03  0.20 |  0.30  0.00  0.04  0.03  0.24
  GDP  - GDP                  |   0.98   0.09  -0.02   0.03  -0.05 |  0.98  0.09 -0.02  0.03 -0.05 |  0.38  0.06 -0.02  0.03 -0.06
  GDPA - GDPAtParity          |   0.95   0.20  -0.04   0.01  -0.07 |  0.95  0.20 -0.04  0.01 -0.07 |  0.37  0.14 -0.03  0.01 -0.08
  GDPP - GDPPerCapita         |   0.55  -0.64   0.35  -0.02   0.04 |  0.55 -0.64  0.35 -0.02  0.04 |  0.22 -0.44  0.27 -0.01  0.05
  GDPR - GDPRealGrowth        |  -0.02   0.66   0.42  -0.38  -0.05 | -0.02  0.66  0.42 -0.38 -0.05 | -0.01  0.46  0.32 -0.34 -0.06
  Gove - GovernmentDebt       |   0.71   0.01  -0.24  -0.15   0.15 |  0.71  0.01 -0.24 -0.15  0.15 |  0.28  0.00 -0.18 -0.13  0.18
  Gove - GovernmentExpenditur |   0.96  -0.01  -0.09   0.00  -0.01 |  0.96 -0.01 -0.09  0.00 -0.01 |  0.37 -0.01 -0.07  0.00 -0.01
  Gove - GovernmentReceipts   |   0.96  -0.01  -0.07   0.02   0.00 |  0.96 -0.01 -0.07  0.02  0.00 |  0.37  0.00 -0.05  0.02  0.00
  Indu - IndustrialProduction |  -0.08   0.63   0.45  -0.35   0.25 | -0.08  0.63  0.45 -0.35  0.25 | -0.03  0.44  0.35 -0.32  0.30
  Infl - InflationRate        |   0.07   0.35   0.54   0.54   0.12 |  0.07  0.35  0.54  0.54  0.12 |  0.03  0.24  0.41  0.49  0.14
  Labo - LaborForce           |   0.68   0.58  -0.26   0.11  -0.01 |  0.68  0.58 -0.26  0.11 -0.01 |  0.27  0.40 -0.19  0.10 -0.01
  Pric - PriceIndex           |   0.20  -0.06   0.58   0.61  -0.12 |  0.20 -0.06  0.58  0.61 -0.12 |  0.08 -0.04  0.44  0.55 -0.15
  Unem - UnemploymentFraction |  -0.37   0.19  -0.48   0.40   0.59 | -0.37  0.19 -0.48  0.40  0.59 | -0.14  0.13 -0.36  0.36  0.70
 f----------------------------+------------------------------------+-------------------------------+-------------------------------
Z 
P 
b2COORDINATES AND TEST-VALUES OF CATEGORIES
c2AXES  1 TO  5
 e+---------------------------------------------+-------------------------------+------------------------------------+----------+
 e|                 CATEGORIES                  |          TEST-VALUES          |             COORDINATES            |          |
 e|---------------------------------------------|-------------------------------|------------------------------------|----------|
 e| IDEN - LABEL                COUNT   ABS.WT  |   1     2     3     4     5   |    1      2      3      4      5   |  DISTO.  |
 e+---------------------------------------------+-------------------------------+------------------------------------+----------+
DE|    2 . Continent                                                                                                            |
  | m1   - Africa                 53     53.00  |  -4.7   5.2  -4.1  -0.3   0.7 |  -1.41   0.88  -0.64  -0.04   0.07 |     3.23 |
  | m2   - Asia                   48     48.00  |   2.8   4.0   1.6   1.0  -0.7 |   0.91   0.73   0.27   0.13  -0.08 |     1.52 |
  | m3   - Europe                 42     42.00  |   5.0  -5.4   1.8   0.5   0.0 |   1.75  -1.06   0.33   0.07  -0.01 |     4.41 |
  | m4   - NorthAmerica           23     23.00  |  -1.3  -3.6  -0.3  -0.8  -1.3 |  -0.67  -1.02  -0.07  -0.18  -0.22 |     2.02 |
  | m5   - Oceania                14     14.00  |  -4.0  -3.9   0.4  -0.9   2.2 |  -2.67  -1.44   0.13  -0.24   0.48 |    10.32 |
  | m6   - SouthAmerica           12     12.00  |   1.2   1.4   1.6   0.0  -0.6 |   0.90   0.58   0.57   0.01  -0.14 |     1.53 |
 F+---------------------------------------------+-------------------------------+------------------------------------+----------+
DE|   35 . SectorLaborFractions                                                                                                 |
  | m1   - Agriculture            64     64.00  |  -4.0   6.9  -4.0   0.0  -0.2 |  -1.06   1.02  -0.54   0.00  -0.01 |     2.48 |
  | m2   - Industry                3      3.00  |   0.1  -1.0   1.4   0.6   0.5 |   0.11  -0.81   1.07   0.39   0.25 |     2.20 |
  | m3   - IndustryAndServices     2      2.00  |  -1.0  -1.0  -0.6  -1.6  -0.2 |  -1.80  -0.98  -0.60  -1.29  -0.10 |     7.88 |
  | m4   - Services              100    100.00  |   6.2  -6.2   2.5  -0.7  -0.5 |   1.10  -0.62   0.23  -0.05  -0.03 |     1.66 |
  |  35_ - *Missing value*        23     23.00  |  -3.4   0.2   1.7   1.3   0.9 |  -1.70   0.07   0.44   0.28   0.15 |     3.43 |
 F+---------------------------------------------+-------------------------------+------------------------------------+----------+
Z 
Z 
Z 
P 
