a1SELECTION OF CASES AND VARIABLES                         
b2ACTIVE FREQUENCIES
X      5 VARIABLES
 E----------------------------------------------------------------------------------------------------------------------------------
     1 . Africa                                                       ( CONTINUOUS )
     2 . Asia                                                         ( CONTINUOUS )
     3 . Europe                                                       ( CONTINUOUS )
     4 . Oceania                                                      ( CONTINUOUS )
     5 . America                                                      ( CONTINUOUS )
 F----------------------------------------------------------------------------------------------------------------------------------
Z 
p 
B2CASES
 E----------------------------- NUMBER --------------WEIGHT ---------------
   WEIGHT OF CASES      : Weight of objects (sum of active frequencies).              
   KEPT ............... NITOT =      2      PITOT =             169.000
   ACTIVE ............. NIACT =      2      PIACT =             169.000
   SUPPLEMENTARY ...... NISUP =      0      PISUP =               0.000
 F-------------------------------------------------------------------------
Z 
p 
B2CASES AFTER ADJUSTING.
 E----------------------------- NUMBER -------------- WEIGHT --------------
  
   SELECTION AFTER REMOVING ACTIVE LINES WITH NUL WEIGHT.
   WEIGHT OF CASES      Weight of objects (sum of active frequencies).              
   RETAIN ............. NITOT =      2      PITOT =             169.000
  
   SELECTION AFTER ADJUSTING
   ACTIVE ............. NIACT =      2      PIACT =             169.000
   SUPPLEMENTARY ...... NISUP =      0      PISUP =               0.000
 F-------------------------------------------------------------------------
Z 
Z 
P 
a1SIMPLE CORRESPONDENCE ANALYSIS                           
P 
b2EIGENVALUES
X COMPUTATIONS PRECISION SUMMARY : TRACE BEFORE DIAGONALISATION..   0.4438
X                                  SUM OF EIGENVALUES............   0.4438
c2HISTOGRAM OF THE FIRST   1 EIGENVALUES
 e+--------+------------+-------------+-------------+----------------------------------------------------------------------------------+
 e| NUMBER | EIGENVALUE | PERCENTAGE  |  CUMULATED  |                                                                                  |
 e|        |            |             |  PERCENTAGE |                                                                                  |
 e+--------+------------+-------------+-------------+----------------------------------------------------------------------------------+
  |    1   |   0.4438   |    100.00   |    100.00   | ******************************************************************************** |
 f+--------+------------+-------------+-------------+----------------------------------------------------------------------------------+
Z
p 
c2SUMMARY OF NEXT EIGENVALUES
      2 =  0.0000    3 =  0.0000    4 =  0.0000
Z
p 
c2Chi-2 TEST FOR AXIS CHOICE
 E(USING USUAL THRESHOLD, YOU CAN GO TO THE FIRST TEST-VALUE > 2.0)
 e+--------+------------+----------+----------+---------+-+
 e| NUMBER |    STAT    | DEG. OF  |   PROB.  |  TEST   | |
 e| OF AXIS |    CHI2    | FREEDOM  |  X>CHI2  |  VALUE  | |
 e+--------+------------+----------+----------+---------+-+
  |    1   |     0.00   |       0  |  1.0000  |    4.42 |*|
 f+--------+------------+----------+----------+---------+-+
Z 
P 
b2COORDINATES, CONTRIBUTIONS OF FREQUENCIES ON AXES  1 TO  1
c2ACTIVE FREQUENCIES
 e+------------------------------------------+-------------------------------+--------------------------+--------------------------+
 e|                FREQUENCIES               |          COORDINATES          |      CONTRIBUTIONS       |      SQUARED COSINES     |
 e|------------------------------------------+-------------------------------+--------------------------+--------------------------|
 e| IDEN - SHORT LABEL         REL.WT  DISTO |   1     0     0     0     0   |   1    0    0    0    0  |   1    0    0    0    0  |
 e+------------------------------------------+-------------------------------+--------------------------+--------------------------+
  | Afri - Africa               24.26   0.96 | -0.98  0.00  0.00  0.00  0.00 | 52.4  0.0  0.0  0.0  0.0 | 1.00 0.00 0.00 0.00 0.00 |
  | Asia - Asia                 25.44   0.05 | -0.23  0.00  0.00  0.00  0.00 |  2.9  0.0  0.0  0.0  0.0 | 1.00 0.00 0.00 0.00 0.00 |
  | Euro - Europe               24.26   0.53 |  0.73  0.00  0.00  0.00  0.00 | 29.2  0.0  0.0  0.0  0.0 | 1.00 0.00 0.00 0.00 0.00 |
  | Ocea - Oceania               6.51   0.00 |  0.03  0.00  0.00  0.00  0.00 |  0.0  0.0  0.0  0.0  0.0 | 1.00 0.00 0.00 0.00 0.00 |
  | Amer - America              19.53   0.35 |  0.59  0.00  0.00  0.00  0.00 | 15.5  0.0  0.0  0.0  0.0 | 1.00 0.00 0.00 0.00 0.00 |
 f+------------------------------------------+-------------------------------+--------------------------+--------------------------+
Z 
P 
b2COORDINATES, CONTRIBUTIONS AND SQUARED COSINES OF CASES
c2AXES  1 TO  1
 e+---------------------------------------+-------------------------------+--------------------------+--------------------------+
 e|                  CASES                |          COORDINATES          |      CONTRIBUTIONS       |        SQUARED COSINES   |
 e|---------------------------------------+-------------------------------+--------------------------+--------------------------|
 e| IDENTIFIER              REL.WT. DISTO |   1     0     0     0     0   |   1    0    0    0    0  |   1    0    0    0    0  |
 e+---------------------------------------+-------------------------------+--------------------------+--------------------------+
  | IndustryAndServices      62.13   0.27 |  0.52  0.00  0.00  0.00  0.00 | 37.9  0.0  0.0  0.0  0.0 | 1.00 0.00 0.00 0.00 0.00 |
  | Agriculture              37.87   0.73 | -0.85  0.00  0.00  0.00  0.00 | 62.1  0.0  0.0  0.0  0.0 | 1.00 0.00 0.00 0.00 0.00 |
 f+---------------------------------------+-------------------------------+--------------------------+--------------------------+
Z 
Z 
Z 
P 
