a1SELECTION OF CASES AND VARIABLES                         
b2SUPPLEMENTARY CATEGORICAL VARIABLES
X      1 VARIABLES       6 ASSOCIATED CATEGORIES
 E----------------------------------------------------------------------------------------------------------------------------------
     2 . Continent                                                    (   6 CATEGORIES )
 F----------------------------------------------------------------------------------------------------------------------------------
b2ACTIVE CONTINUOUS VARIABLES
X      7 VARIABLES
 E----------------------------------------------------------------------------------------------------------------------------------
    82 . MilitaryAgeFemales                                           ( CONTINUOUS )
    83 . MilitaryAgeMales                                             ( CONTINUOUS )
    84 . MilitaryAgePopulation                                        ( CONTINUOUS )
    85 . MilitaryAgeRate                                              ( CONTINUOUS )
    86 . MilitaryExpenditureFraction                                  ( CONTINUOUS )
    87 . MilitaryExpenditures                                         ( CONTINUOUS )
    88 . MilitaryFitPopulation                                        ( CONTINUOUS )
 F----------------------------------------------------------------------------------------------------------------------------------
Z 
p 
B2CASES
 E----------------------------- NUMBER --------------WEIGHT ---------------
   WEIGHT OF CASES      : Weight of objects, uniform equal to 1.                  UNIF
   KEPT ............... NITOT =    192      PITOT =             192.000
   ACTIVE ............. NIACT =    192      PIACT =             192.000
   SUPPLEMENTARY ...... NISUP =      0      PISUP =               0.000
 F-------------------------------------------------------------------------
Z 
Z 
P 
a1PRINCIPAL COMPONENTS ANALYSIS                            
b2SUMMARY STATISTICS OF CONTINUOUS VARIABLES
 ETOTAL COUNT    :     192             TOTAL WEIGHT   :     192.00
 e+-------------------------------------------------------+----------------------+----------------------+
 e| NUM . IDEN - LABEL                  COUNT     WEIGHT  |      MEAN  STD.DEV.  |   MINIMUM   MAXIMUM  |
 e+-------------------------------------------------------+----------------------+----------------------+
  |  82 . Mili - MilitaryAgeFemales       158     158.00  |      5.83      0.80  |      4.00      8.00  |
  |  83 . Mili - MilitaryAgeMales         189     189.00  |      5.66      0.98  |      3.00      8.00  |
  |  84 . Mili - MilitaryAgePopulatio     158     158.00  |      6.12      0.81  |      4.00      8.00  |
  |  85 . Mili - MilitaryAgeRate          192     192.00  |      4.46      0.99  |      2.00      7.00  |
  |  86 . Mili - MilitaryExpenditureF     190     190.00  |      0.02      0.02  |      0.00      0.11  |
  |  87 . Mili - MilitaryExpenditures     165     165.00  |      8.60      1.10  |      5.77     11.70  |
  |  88 . Mili - MilitaryFitPopulatio     192     192.00  |      5.82      0.98  |      3.00      8.00  |
 f+-------------------------------------------------------+----------------------+----------------------+
Z 
p 
b2CORRELATION MATRIX
cE     |   Mili   Mili   Mili   Mili   Mili   Mili   Mili
  -----+-------------------------------------------------
  Mili |   1.00
  Mili |   0.72   1.00
  Mili |   0.84   0.63   1.00
  Mili |   0.67   0.90   0.61   1.00
  Mili |   0.04   0.22   0.12   0.26   1.00
  Mili |   0.61   0.50   0.64   0.39   0.34   1.00
  Mili |   0.64   0.90   0.70   0.88   0.26   0.52   1.00
  -----+-------------------------------------------------
 F     |   Mili   Mili   Mili   Mili   Mili   Mili   Mili
Z 
Z 
p 
b2TEST-VALUES MATRIX
cE     |   Mili   Mili   Mili   Mili   Mili   Mili   Mili
  -----+-------------------------------------------------
  Mili |  99.99
  Mili |  11.41  99.99
  Mili |  15.40   9.39  99.99
  Mili |  10.13  20.54   8.95  99.99
  Mili |   0.50   3.05   1.53   3.60  99.99
  Mili |   8.85   7.06   9.46   5.36   4.51  99.99
  Mili |   9.62  20.28  10.83  19.21   3.61   7.38  99.99
  -----+-------------------------------------------------
 F     |   Mili   Mili   Mili   Mili   Mili   Mili   Mili
Z 
Z 
P 
b2EIGENVALUES
X COMPUTATIONS PRECISION SUMMARY : TRACE BEFORE DIAGONALISATION..   7.0000
X                                  SUM OF EIGENVALUES............   7.0000
c2HISTOGRAM OF THE FIRST   7 EIGENVALUES
 e+--------+------------+-------------+-------------+----------------------------------------------------------------------------------+
 e| NUMBER | EIGENVALUE | PERCENTAGE  |  CUMULATED  |                                                                                  |
 e|        |            |             |  PERCENTAGE |                                                                                  |
 e+--------+------------+-------------+-------------+----------------------------------------------------------------------------------+
  |    1   |   4.4861   |     64.09   |     64.09   | ******************************************************************************** |
  |    2   |   1.0357   |     14.80   |     78.88   | *******************                                                              |
  |    3   |   0.8221   |     11.74   |     90.63   | ***************                                                                  |
  |    4   |   0.3151   |      4.50   |     95.13   | ******                                                                           |
  |    5   |   0.2021   |      2.89   |     98.02   | ****                                                                             |
  |    6   |   0.0863   |      1.23   |     99.25   | **                                                                               |
  |    7   |   0.0525   |      0.75   |    100.00   | *                                                                                |
 f+--------+------------+-------------+-------------+----------------------------------------------------------------------------------+
Z
p 
c2RESEARCH OF IRREGULARITIES (THIRD DIFFERENCES)
 e+--------------+--------------+------------------------------------------------------+
 e| IRREGULARITY | IRREGULARITY |                                                      |
 e|    BETWEEN   |    VALUE     |                                                      |
 e+--------------+--------------+------------------------------------------------------+
  |    1  --  2  |    -3530.20  | **************************************************** |
 f+--------------+--------------+------------------------------------------------------+
Z 
p 
c2RESEARCH OF IRREGULARITIES (SECOND DIFFERENCES)
 e+--------------+--------------+------------------------------------------------------+
 e| IRREGULARITY | IRREGULARITY |                                                      |
 e|    BETWEEN   |    VALUE     |                                                      |
 e+--------------+--------------+------------------------------------------------------+
  |    1  --  2  |     3236.78  | **************************************************** |
  |    3  --  4  |      393.95  | *******                                              |
 f+--------------+--------------+------------------------------------------------------+
Z 
p 
b2ANDERSON'S LAPLACE INTERVALS
c2WITH 0.95 THRESHOLD
 e+--------+--------------------------------------------------------+
 e| NUMBER |   LOWER LIMIT         EIGENVALUE         UPPER LIMIT   |
 e+--------+--------------------------------------------------------+
  |    1   |      3.5863             4.4861             5.3858      |
  |    2   |      0.8280             1.0357             1.2434      |
  |    3   |      0.6572             0.8221             0.9870      |
  |    4   |      0.2519             0.3151             0.3783      |
  |    5   |      0.1615             0.2021             0.2426      |
 f+--------+--------------------------------------------------------+
Z 
p 
c2LENGTH AND RELATIVE POSITION OF INTERVALS
  1 . . . . . . . . . . . . . . . . . . . . . . . . . . . . . . . . . . . . . . . . . .*---------------------+----------------------*
  2 . . . . . . . . *----+----* . . . . . . . . . . . . . . . . . . . . . . . . . . . . . . . . . . . . . . . . . . . . . . . . . . .
  3 . . . . . . *---+---* . . . . . . . . . . . . . . . . . . . . . . . . . . . . . . . . . . . . . . . . . . . . . . . . . . . . . .
  4 . *+-*. . . . . . . . . . . . . . . . . . . . . . . . . . . . . . . . . . . . . . . . . . . . . . . . . . . . . . . . . . . . . .
  5 +*. . . . . . . . . . . . . . . . . . . . . . . . . . . . . . . . . . . . . . . . . . . . . . . . . . . . . . . . . . . . . . . .
 F
Z 
Z 
P 
b2COORDINATES OF VARIABLES ON  AXES  1 TO  5
c2ACTIVE VARIABLES
 e----------------------------+------------------------------------+-------------------------------+-------------------------------
 e         VARIABLES          |             COORDINATES            | VARIABLE-FACTOR CORRELATIONS  |    NORMED EIGENVECTORS
 e----------------------------+------------------------------------+-------------------------------+-------------------------------
 eIDEN - SHORT LABEL          |    1      2      3      4      5   |    1     2     3     4     5  |    1     2     3     4     5
 e----------------------------+------------------------------------+-------------------------------+-------------------------------
  Mili - MilitaryAgeFemales   |   0.86  -0.28  -0.25   0.21   0.27 |  0.86 -0.28 -0.25  0.21  0.27 |  0.40 -0.28 -0.27  0.37  0.59
  Mili - MilitaryAgeMales     |   0.92  -0.04   0.30  -0.13   0.12 |  0.92 -0.04  0.30 -0.13  0.12 |  0.43 -0.04  0.33 -0.23  0.26
  Mili - MilitaryAgePopulatio |   0.85  -0.18  -0.32   0.27  -0.25 |  0.85 -0.18 -0.32  0.27 -0.25 |  0.40 -0.18 -0.36  0.49 -0.55
  Mili - MilitaryAgeRate      |   0.88  -0.01   0.41   0.01   0.06 |  0.88 -0.01  0.41  0.01  0.06 |  0.42 -0.01  0.45  0.01  0.14
  Mili - MilitaryExpenditureF |   0.30   0.93   0.02   0.20   0.04 |  0.30  0.93  0.02  0.20  0.04 |  0.14  0.92  0.02  0.35  0.08
  Mili - MilitaryExpenditures |   0.70   0.23  -0.57  -0.36   0.02 |  0.70  0.23 -0.57 -0.36  0.02 |  0.33  0.22 -0.63 -0.63  0.05
  Mili - MilitaryFitPopulatio |   0.91   0.01   0.27  -0.12  -0.23 |  0.91  0.01  0.27 -0.12 -0.23 |  0.43  0.01  0.30 -0.21 -0.51
 f----------------------------+------------------------------------+-------------------------------+-------------------------------
Z 
P 
b2COORDINATES AND TEST-VALUES OF CATEGORIES
c2AXES  1 TO  5
 e+---------------------------------------------+-------------------------------+------------------------------------+----------+
 e|                 CATEGORIES                  |          TEST-VALUES          |             COORDINATES            |          |
 e|---------------------------------------------|-------------------------------|------------------------------------|----------|
 e| IDEN - LABEL                COUNT   ABS.WT  |   1     2     3     4     5   |    1      2      3      4      5   |  DISTO.  |
 e+---------------------------------------------+-------------------------------+------------------------------------+----------+
DE|    2 . Continent                                                                                                            |
  | m1   - Africa                 53     53.00  |  -0.7  -0.1   6.0   3.5   0.7 |  -0.16  -0.02   0.63   0.23   0.04 |     0.49 |
  | m2   - Asia                   48     48.00  |   4.1   4.8   0.8   1.5  -0.2 |   1.09   0.61   0.09   0.10  -0.01 |     1.58 |
  | m3   - Europe                 42     42.00  |  -0.2  -1.3  -4.2  -4.9  -0.1 |  -0.06  -0.18  -0.52  -0.37  -0.01 |     0.47 |
  | m4   - NorthAmerica           23     23.00  |  -2.2  -2.3  -0.6  -1.2  -1.0 |  -0.93  -0.45  -0.11  -0.13  -0.08 |     1.13 |
  | m5   - Oceania                14     14.00  |  -3.8  -1.8  -4.4   1.2   2.0 |  -2.06  -0.47  -1.02   0.18   0.23 |     5.65 |
  | m6   - SouthAmerica           12     12.00  |   1.3  -1.1   0.2  -0.5  -1.6 |   0.74  -0.31   0.05  -0.08  -0.20 |     0.69 |
 F+---------------------------------------------+-------------------------------+------------------------------------+----------+
Z 
Z 
Z 
P 
