a1SELECTION OF CASES AND VARIABLES                         
b2SUPPLEMENTARY CATEGORICAL VARIABLES
X      1 VARIABLES       2 ASSOCIATED CATEGORIES
 E----------------------------------------------------------------------------------------------------------------------------------
    89 . Rec_SectorLaborFractions                                     (   2 CATEGORIES )
 F----------------------------------------------------------------------------------------------------------------------------------
b2ACTIVE CONTINUOUS VARIABLES
X     16 VARIABLES
 E----------------------------------------------------------------------------------------------------------------------------------
    11 . LifeExpectancy                                               ( CONTINUOUS )
    15 . Population                                                   ( CONTINUOUS )
    18 . TotalFertilityRate                                           ( CONTINUOUS )
    22 . ForeignExchangeReserves                                      ( CONTINUOUS )
    23 . GDP                                                          ( CONTINUOUS )
    25 . GDPPerCapita                                                 ( CONTINUOUS )
    32 . LaborForce                                                   ( CONTINUOUS )
    41 . ElectricityProduction                                        ( CONTINUOUS )
    48 . OilExports                                                   ( CONTINUOUS )
    52 . Airports                                                     ( CONTINUOUS )
    57 . InternetUsers                                                ( CONTINUOUS )
    65 . RoadLength                                                   ( CONTINUOUS )
    69 . ArableLandArea                                               ( CONTINUOUS )
    71 . Area                                                         ( CONTINUOUS )
    87 . MilitaryExpenditures                                         ( CONTINUOUS )
    88 . MilitaryFitPopulation                                        ( CONTINUOUS )
 F----------------------------------------------------------------------------------------------------------------------------------
Z 
p 
B2CASES
 E----------------------------- NUMBER --------------WEIGHT ---------------
   WEIGHT OF CASES      : Weight of objects, uniform equal to 1.                  UNIF
   KEPT ............... NITOT =    169      PITOT =             169.000
   ACTIVE ............. NIACT =    169      PIACT =             169.000
   SUPPLEMENTARY ...... NISUP =      0      PISUP =               0.000
 F-------------------------------------------------------------------------
Z 
Z 
P 
a1PRINCIPAL COMPONENTS ANALYSIS                            
b2SUMMARY STATISTICS OF CONTINUOUS VARIABLES
 ETOTAL COUNT    :     169             TOTAL WEIGHT   :     169.00
 e+-------------------------------------------------------+----------------------+----------------------+
 e| NUM . IDEN - LABEL                  COUNT     WEIGHT  |      MEAN  STD.DEV.  |   MINIMUM   MAXIMUM  |
 e+-------------------------------------------------------+----------------------+----------------------+
  |  11 . Life - LifeExpectancy           169     169.00  |     71.18      8.27  |     49.45     83.58  |
  |  15 . Popu - Population               169     169.00  |      6.34      0.97  |      4.00      9.00  |
  |  18 . Tota - TotalFertilityRate       169     169.00  |      2.73      1.41  |      1.19      7.56  |
  |  22 . Fore - ForeignExchangeReser     138     138.00  |      9.82      0.93  |      7.38     12.31  |
  |  23 . GDP  - GDP                      169     169.00  |     10.46      1.05  |      7.89     13.15  |
  |  25 . GDPP - GDPPerCapita             169     169.00  |      3.65      0.70  |      2.14      5.15  |
  |  32 . Labo - LaborForce               165     165.00  |      5.96      0.95  |      3.00      8.00  |
  |  41 . Elec - ElectricityProductio     163     163.00  |      9.96      1.11  |      7.15     12.62  |
  |  48 . OilE - OilExports               117     117.00  |      4.18      1.27  |      1.00      6.00  |
  |  52 . Airp - Airports                 166     166.00  |      1.22      0.77  |      0.00      4.00  |
  |  57 . Inte - InternetUsers            167     167.00  |      5.49      1.05  |      3.00      8.00  |
  |  65 . Road - RoadLength               169     169.00  |      3.93      0.93  |      1.00      6.00  |
  |  69 . Arab - ArableLandArea           169     169.00  |      3.49      1.24  |      0.00      6.00  |
  |  71 . Area - Area                     169     169.00  |      4.47      1.18  |      1.00      7.00  |
  |  87 . Mili - MilitaryExpenditures     147     147.00  |      8.66      1.08  |      6.32     11.70  |
  |  88 . Mili - MilitaryFitPopulatio     169     169.00  |      5.91      0.93  |      3.00      8.00  |
 f+-------------------------------------------------------+----------------------+----------------------+
Z 
p 
b2COVARIANCE MATRIX
cE     |   Life   Popu   Tota   Fore   GDP    GDPP   Labo   Elec   OilE   Airp   Inte   Road   Arab   Area   Mili   Mili
  -----+----------------------------------------------------------------------------------------------------------------
  Life |  68.47
  Popu |  -1.63   0.93
  Tota |  -9.65   0.21   1.98
  Fore |   2.63   0.34  -0.46   0.70
  GDP  |   3.73   0.69  -0.61   0.62   1.10
  GDPP |   4.80  -0.15  -0.72   0.25   0.38   0.49
  Labo |  -0.54   0.78   0.03   0.36   0.72  -0.09   0.89
  Elec |   4.25   0.58  -0.79   0.65   1.02   0.39   0.66   1.19
  OilE |   1.03   0.33  -0.13   0.45   0.54   0.23   0.26   0.50   1.12
  Airp |   0.94   0.42  -0.15   0.29   0.53   0.09   0.43   0.55   0.30   0.58
  Inte |   3.02   0.67  -0.56   0.55   0.97   0.27   0.71   0.94   0.42   0.49   1.10
  Road |   0.80   0.72  -0.16   0.42   0.80   0.07   0.71   0.74   0.29   0.49   0.73   0.87
  Arab |  -1.98   1.01   0.22   0.36   0.84  -0.16   0.98   0.75   0.28   0.61   0.83   0.94   1.53
  Area |  -2.64   0.87   0.40   0.29   0.67  -0.20   0.86   0.59   0.32   0.59   0.62   0.81   1.22   1.39
  Mili |   3.99   0.47  -0.62   0.62   0.88   0.38   0.46   0.87   0.61   0.44   0.79   0.58   0.52   0.40   1.02
  Mili |  -0.18   0.78  -0.03   0.38   0.76  -0.05   0.84   0.69   0.31   0.46   0.74   0.72   0.97   0.84   0.51   0.87
  -----+----------------------------------------------------------------------------------------------------------------
 F     |   Life   Popu   Tota   Fore   GDP    GDPP   Labo   Elec   OilE   Airp   Inte   Road   Arab   Area   Mili   Mili
Z 
Z 
P 
b2EIGENVALUES
X COMPUTATIONS PRECISION SUMMARY : TRACE BEFORE DIAGONALISATION..  84.2267
X                                  SUM OF EIGENVALUES............  84.2267
c2HISTOGRAM OF THE FIRST  16 EIGENVALUES
 e+--------+------------+-------------+-------------+----------------------------------------------------------------------------------+
 e| NUMBER | EIGENVALUE | PERCENTAGE  |  CUMULATED  |                                                                                  |
 e|        |            |             |  PERCENTAGE |                                                                                  |
 e+--------+------------+-------------+-------------+----------------------------------------------------------------------------------+
  |    1   |  71.3949   |     84.77   |     84.77   | ******************************************************************************** |
  |    2   |   8.6760   |     10.30   |     95.07   | **********                                                                       |
  |    3   |   1.2589   |      1.49   |     96.56   | **                                                                               |
  |    4   |   0.7323   |      0.87   |     97.43   | *                                                                                |
  |    5   |   0.4301   |      0.51   |     97.94   | *                                                                                |
  |    6   |   0.3259   |      0.39   |     98.33   | *                                                                                |
  |    7   |   0.2718   |      0.32   |     98.65   | *                                                                                |
  |    8   |   0.2098   |      0.25   |     98.90   | *                                                                                |
  |    9   |   0.1916   |      0.23   |     99.13   | *                                                                                |
  |   10   |   0.1750   |      0.21   |     99.33   | *                                                                                |
  |   11   |   0.1637   |      0.19   |     99.53   | *                                                                                |
  |   12   |   0.1443   |      0.17   |     99.70   | *                                                                                |
  |   13   |   0.1139   |      0.14   |     99.84   | *                                                                                |
  |   14   |   0.0941   |      0.11   |     99.95   | *                                                                                |
  |   15   |   0.0371   |      0.04   |     99.99   | *                                                                                |
  |   16   |   0.0072   |      0.01   |    100.00   | *                                                                                |
 f+--------+------------+-------------+-------------+----------------------------------------------------------------------------------+
Z
p 
c2RESEARCH OF IRREGULARITIES (THIRD DIFFERENCES)
 e+--------------+--------------+------------------------------------------------------+
 e| IRREGULARITY | IRREGULARITY |                                                      |
 e|    BETWEEN   |    VALUE     |                                                      |
 e+--------------+--------------+------------------------------------------------------+
  |    1  --  2  |   -48411.28  | **************************************************** |
  |    2  --  3  |    -6666.07  | ********                                             |
  |    4  --  5  |     -147.96  | *                                                    |
  |    5  --  6  |      -57.88  | *                                                    |
  |    7  --  8  |      -42.18  | *                                                    |
  |    3  --  4  |      -26.41  | *                                                    |
  |   11  -- 12  |      -13.23  | *                                                    |
  |   12  -- 13  |       -3.02  | *                                                    |
 f+--------------+--------------+------------------------------------------------------+
Z 
p 
c2RESEARCH OF IRREGULARITIES (SECOND DIFFERENCES)
 e+--------------+--------------+------------------------------------------------------+
 e| IRREGULARITY | IRREGULARITY |                                                      |
 e|    BETWEEN   |    VALUE     |                                                      |
 e+--------------+--------------+------------------------------------------------------+
  |    1  --  2  |    55301.77  | **************************************************** |
  |    2  --  3  |     6890.49  | *******                                              |
  |    3  --  4  |      224.42  | *                                                    |
  |    4  --  5  |      198.00  | *                                                    |
  |    5  --  6  |       50.04  | *                                                    |
  |    7  --  8  |       43.80  | *                                                    |
  |   12  -- 13  |       10.65  | *                                                    |
  |    9  -- 10  |        5.21  | *                                                    |
  |    8  --  9  |        1.62  | *                                                    |
 f+--------------+--------------+------------------------------------------------------+
Z 
p 
b2ANDERSON'S LAPLACE INTERVALS
c2WITH 0.95 THRESHOLD
 e+--------+--------------------------------------------------------+
 e| NUMBER |   LOWER LIMIT         EIGENVALUE         UPPER LIMIT   |
 e+--------+--------------------------------------------------------+
  |    1   |     56.1269            71.3949            86.6630      |
  |    2   |      6.8206             8.6760            10.5315      |
  |    3   |      0.9897             1.2589             1.5282      |
  |    4   |      0.5757             0.7323             0.8889      |
  |    5   |      0.3381             0.4301             0.5221      |
 f+--------+--------------------------------------------------------+
Z 
p 
c2LENGTH AND RELATIVE POSITION OF INTERVALS
  1 . . . . . . . . . . . . . . . . . . . . . . . . . . . . . . . . . . . . . . . . . *----------------------+----------------------*
  2 . . . . .*--+--*. . . . . . . . . . . . . . . . . . . . . . . . . . . . . . . . . . . . . . . . . . . . . . . . . . . . . . . . .
  3 *+. . . . . . . . . . . . . . . . . . . . . . . . . . . . . . . . . . . . . . . . . . . . . . . . . . . . . . . . . . . . . . . .
  4 + . . . . . . . . . . . . . . . . . . . . . . . . . . . . . . . . . . . . . . . . . . . . . . . . . . . . . . . . . . . . . . . .
  5 + . . . . . . . . . . . . . . . . . . . . . . . . . . . . . . . . . . . . . . . . . . . . . . . . . . . . . . . . . . . . . . . .
 F
Z 
Z 
P 
b2COORDINATES OF VARIABLES ON  AXES  1 TO  5
c2ACTIVE VARIABLES
 e----------------------------+------------------------------------+-------------------------------+-------------------------------
 e         VARIABLES          |             COORDINATES            | VARIABLE-FACTOR CORRELATIONS  |    NORMED EIGENVECTORS
 e----------------------------+------------------------------------+-------------------------------+-------------------------------
 eIDEN - SHORT LABEL          |    1      2      3      4      5   |    1     2     3     4     5  |    1     2     3     4     5
 e----------------------------+------------------------------------+-------------------------------+-------------------------------
  Life - LifeExpectancy       |  -8.27   0.15   0.10  -0.14  -0.02 | -1.00  0.02  0.01 -0.02  0.00 | -0.98  0.05  0.09 -0.16 -0.03
  Popu - Population           |   0.18  -0.87   0.08  -0.04  -0.18 |  0.19 -0.90  0.08 -0.04 -0.19 |  0.02 -0.29  0.07 -0.04 -0.27
  Tota - TotalFertilityRate   |   1.18   0.05   0.05  -0.68  -0.28 |  0.84  0.04  0.04 -0.48 -0.20 |  0.14  0.02  0.05 -0.79 -0.43
  Fore - ForeignExchangeReser |  -0.33  -0.50  -0.31   0.11  -0.10 | -0.40 -0.60 -0.38  0.13 -0.12 | -0.04 -0.17 -0.28  0.13 -0.15
  GDP  - GDP                  |  -0.47  -0.89  -0.11   0.05  -0.09 | -0.45 -0.85 -0.10  0.05 -0.08 | -0.06 -0.30 -0.09  0.06 -0.13
  GDPP - GDPPerCapita         |  -0.59  -0.02  -0.21   0.06   0.05 | -0.83 -0.03 -0.31  0.08  0.07 | -0.07 -0.01 -0.19  0.07  0.07
  Labo - LaborForce           |   0.05  -0.86   0.19   0.01  -0.12 |  0.06 -0.91  0.20  0.01 -0.13 |  0.01 -0.29  0.17  0.01 -0.19
  Elec - ElectricityProductio |  -0.54  -0.84  -0.12   0.21   0.05 | -0.49 -0.77 -0.11  0.19  0.05 | -0.06 -0.29 -0.11  0.25  0.08
  OilE - OilExports           |  -0.14  -0.47  -0.84  -0.26   0.12 | -0.13 -0.45 -0.80 -0.24  0.12 | -0.02 -0.16 -0.75 -0.30  0.19
  Airp - Airports             |  -0.12  -0.57   0.01  -0.11   0.29 | -0.16 -0.75  0.02 -0.14  0.38 | -0.01 -0.19  0.01 -0.13  0.45
  Inte - InternetUsers        |  -0.38  -0.86  -0.03   0.19  -0.19 | -0.37 -0.82 -0.03  0.18 -0.18 | -0.05 -0.29 -0.02  0.22 -0.29
  Road - RoadLength           |  -0.11  -0.84   0.14  -0.01   0.01 | -0.12 -0.90  0.15 -0.01  0.01 | -0.01 -0.28  0.12 -0.01  0.01
  Arab - ArableLandArea       |   0.22  -1.11   0.31  -0.04   0.09 |  0.18 -0.90  0.25 -0.03  0.07 |  0.03 -0.38  0.28 -0.05  0.13
  Area - Area                 |   0.31  -0.98   0.23  -0.27   0.34 |  0.26 -0.83  0.20 -0.23  0.29 |  0.04 -0.33  0.21 -0.31  0.51
  Mili - MilitaryExpenditures |  -0.50  -0.68  -0.37   0.02  -0.10 | -0.50 -0.67 -0.37  0.02 -0.09 | -0.06 -0.23 -0.33  0.03 -0.15
  Mili - MilitaryFitPopulatio |   0.01  -0.87   0.14   0.01  -0.12 |  0.01 -0.93  0.15  0.01 -0.13 |  0.00 -0.30  0.13  0.01 -0.19
 f----------------------------+------------------------------------+-------------------------------+-------------------------------
Z 
P 
b2COORDINATES AND TEST-VALUES OF CATEGORIES
c2AXES  1 TO  5
 e+---------------------------------------------+-------------------------------+------------------------------------+----------+
 e|                 CATEGORIES                  |          TEST-VALUES          |             COORDINATES            |          |
 e|---------------------------------------------|-------------------------------|------------------------------------|----------|
 e| IDEN - LABEL                COUNT   ABS.WT  |   1     2     3     4     5   |    1      2      3      4      5   |  DISTO.  |
 e+---------------------------------------------+-------------------------------+------------------------------------+----------+
DE|   89 . Rec_SectorLaborFractions                                                                                             |
  | m1   - IndustryAndServices   105    105.00  |  -9.3   0.5  -2.3   1.6   2.0 |  -4.73   0.09  -0.15   0.08   0.08 |    22.44 |
  | m2   - Agriculture            64     64.00  |   9.3  -0.5   2.3  -1.6  -2.0 |   7.76  -0.15   0.25  -0.13  -0.13 |    60.41 |
 F+---------------------------------------------+-------------------------------+------------------------------------+----------+
Z 
Z 
Z 
P 
a1SELECTION OF CASES AND VARIABLES                         
b2SUPPLEMENTARY CATEGORICAL VARIABLES
X      1 VARIABLES       2 ASSOCIATED CATEGORIES
 E----------------------------------------------------------------------------------------------------------------------------------
    89 . Rec_SectorLaborFractions                                     (   2 CATEGORIES )
 F----------------------------------------------------------------------------------------------------------------------------------
b2ACTIVE CONTINUOUS VARIABLES
X     16 VARIABLES
 E----------------------------------------------------------------------------------------------------------------------------------
    11 . LifeExpectancy                                               ( CONTINUOUS )
    15 . Population                                                   ( CONTINUOUS )
    18 . TotalFertilityRate                                           ( CONTINUOUS )
    22 . ForeignExchangeReserves                                      ( CONTINUOUS )
    23 . GDP                                                          ( CONTINUOUS )
    25 . GDPPerCapita                                                 ( CONTINUOUS )
    32 . LaborForce                                                   ( CONTINUOUS )
    41 . ElectricityProduction                                        ( CONTINUOUS )
    48 . OilExports                                                   ( CONTINUOUS )
    52 . Airports                                                     ( CONTINUOUS )
    57 . InternetUsers                                                ( CONTINUOUS )
    65 . RoadLength                                                   ( CONTINUOUS )
    69 . ArableLandArea                                               ( CONTINUOUS )
    71 . Area                                                         ( CONTINUOUS )
    87 . MilitaryExpenditures                                         ( CONTINUOUS )
    88 . MilitaryFitPopulation                                        ( CONTINUOUS )
 F----------------------------------------------------------------------------------------------------------------------------------
Z 
p 
B2CASES
 E----------------------------- NUMBER --------------WEIGHT ---------------
   WEIGHT OF CASES      : Weight of objects, uniform equal to 1.                  UNIF
   KEPT ............... NITOT =    169      PITOT =             169.000
   ACTIVE ............. NIACT =    169      PIACT =             169.000
   SUPPLEMENTARY ...... NISUP =      0      PISUP =               0.000
 F-------------------------------------------------------------------------
Z 
Z 
a1TWO GROUPS DISCRIMINANT ANALYSIS                         
b2MODEL  1
c2DEFINITION
  :----- Factors (automatic model) -----                                          
  V89 = F1--F2                                                                    
p 
c2MISSING DATA MANAGEMENT
Z 
p 
c2LINEAR DISCRIMINANT ANALYSIS ON THE SAMPLE   : LEARNING    
X BETWEEN THE 2 GROUPS: IndustryAndServices   AND  Agriculture         
X GROUP VARIABLE NUMBER  89 : Rec_SectorLaborFractions                                    
p 
d3RESULTS OF THE FISHER LINEAR DISCRIMINATION
e3TABLE OF GROUPS COUNTS
 e                        ASSIGNMENT GROUPS
 e                          m1       m2  
 eORIGINAL GROUPS   -------------------------
                    m1        95       10
                    m2        15       49
 f                  -------------------------
Z 
p 
e3CLASSIFICATION TABLE
 e                       CLASSIFICATION COUNTS AND (PERCENTAGES)
 e                       WELL CLASSIFIED   MISCLASSIFIED      TOTAL
 eORIGINAL GROUPS   --------------------------------------------------
                    m1        95.00           10.00          105.00
                             ( 90.48)        (  9.52)        (100.00)
                    --------------------------------------------------
                    m2        49.00           15.00           64.00
                             ( 76.56)        ( 23.44)        (100.00)
 f                  --------------------------------------------------
 F                 TOTAL     144.00           25.00          169.00
 F                           ( 85.21)        ( 14.79)        (100.00)
Z 
Z 
p 
d3DISCRIMINANT LINEAR FUNCTION
 eAXIS             CORRELATIONS       COEFFICIENTS          STD.     RATIO      
 e........             AXIS        DISCRIM.  REGRESSION     DEV.   COEF/ST. DEV
 eNUM IDEN         WITH L.D.F.     FUNCTION               (RES. TYPE REG.)
 e            (THRESHOLD= 0.15)
 e..............................................................................
    1 F  1           -0.719         -0.3575     -0.0849     0.0064 -13.29
    2 F  2            0.041          0.0579      0.0137     0.0183   0.75
  CONSTANT                         0.543612    0.000001     0.0540 0.0000
 f..............................................................................
 FR2 =    0.51622     F  =   88.56518     PROB. =      0.000
 FD2 =    4.48145     T2 =  178.19739     PROB. =      0.000
 F..............................................................................
Z 
p 
d3FISHER LINEAR FUNCTION RBUILT STARTING FROM ORIGINAL VARIABLES
 e   VARIABLES                        COEFFICIENTS          STAND.    RATIO     
 e................                 DISCRIM.  REGRESSION      DEV.  COEF/ST. DEV
 eNUM IDEN LABEL                   FUNCTION               (RES. TYPE REG.)
  ..............................................................................
   11 Life LifeExpectancy            0.3529      0.0838     0.0063  13.25
   15 Popu Population               -0.0249     -0.0059     0.0054  -1.09
   18 Tota TotalFertilityRate       -0.0489     -0.0116     0.0010 -12.18
   22 Fore ForeignExchangeReser      0.0043      0.0010     0.0031   0.33
   23 GDP  GDP                       0.0023      0.0006     0.0056   0.10
   25 GDPP GDPPerCapita              0.0243      0.0058     0.0005  12.45
   32 Labo LaborForce               -0.0191     -0.0045     0.0053  -0.85
   41 Elec ElectricityProductio      0.0061      0.0015     0.0052   0.28
   48 OilE OilExports               -0.0035     -0.0008     0.0030  -0.28
   52 Airp Airports                 -0.0060     -0.0014     0.0035  -0.40
   57 Inte InternetUsers            -0.0006     -0.0001     0.0053  -0.03
   65 Road RoadLength               -0.0118     -0.0028     0.0052  -0.54
   69 Arab ArableLandArea           -0.0313     -0.0074     0.0069  -1.08
   71 Area Area                     -0.0323     -0.0077     0.0061  -1.25
   87 Mili MilitaryExpenditures      0.0078      0.0019     0.0042   0.44
   88 Mili MilitaryFitPopulatio     -0.0174     -0.0041     0.0054  -0.76
           CONSTANT              -24.027020   -5.834899
 f..............................................................................
Z 
p 
d3HISTOGRAMS
e3HISTOGRAM OBTAINED ON GROUP m1  
       -6.7    -5.9    -5.1    -4.3    -3.5    -2.7    -1.9    -1.1    -0.3     0.5     1.3     2.1     2.9     3.7     4.5
   -7.1    -6.3    -5.5    -4.7    -3.9    -3.1    -2.3    -1.5    -0.7     0.1     0.9     1.7     2.5     3.3     4.1     5.0
     +---+---+---+---+---+---+---+---+---+---+---+---+---+---+---+---+---+---+---+---+---+---+---+---+---+---+---+---+---+---+
                                                                                                                             
                                                                                                                             
                                                                                         VE                                  
                                                                                         SY                                  
                                                                                         LK                                  
                                                                                         SC                                  
                                                                                         RS                                  
                                                                                         RO                                  
                                                                                         PE                      GB          
                                                                                         FM                      NZ          
                                                                                         MU  TR                  NL          
                                                                                         JO  SK                  MT          
                                                                                         JM  SA                  LU  SE      
                                                                                         IR  LC      UY          LI  ES      
                                                                                         HN  NI      AE      SI  IE  NO      
                                                                                     TO  GD  ME  PL  PA      PT  GR  IT      
                                                                             TT      VC  DO  MY  EC  MX      DK  DE  IL  CH  
                                                                             EG      PW  CO  MK  BA  CZ      CU  FI  IS  SG  
                                                                 RU          BY  SR  LT  BG  LY  BB  HR  US  CR  CY  FR  SM  
                                                                 MN  UA  MD  AZ  PY  LV  BR  HU  BS  BH  KR  CL  CA  AT  JP  
                             ZA                      KP      KZ  BO  PH  KI  DZ  MH  SV  BZ  EE  AR  AG  MV  BN  BE  AU  AD  
     +---+---+---+---+---+---+---+---+---+---+---+---+---+---+---+---+---+---+---+---+---+---+---+---+---+---+---+---+---+---+
        0   0   0   0   0   0   1   0   0   0   0   0   1   0   1   3   2   2   5   3   6  19  11   6   8   3   7  13   9   5
Z 
p 
e3HISTOGRAM OBTAINED ON GROUP m2  
       -6.7    -5.9    -5.1    -4.3    -3.5    -2.7    -1.9    -1.1    -0.3     0.5     1.3     2.1     2.9     3.7     4.5
   -7.1    -6.3    -5.5    -4.7    -3.9    -3.1    -2.3    -1.5    -0.7     0.1     0.9     1.7     2.5     3.3     4.1     5.0
     +---+---+---+---+---+---+---+---+---+---+---+---+---+---+---+---+---+---+---+---+---+---+---+---+---+---+---+---+---+---+
                                                                                                                             
                                                                                                                             
                                                                                                                             
                                                                                                                             
                                                                                                                             
                                                                                                                             
                                                                                                                             
                                                                                                                             
                                                                                                                             
                                                                                                                             
                                                                                                                             
                                                                                                                             
                                                                                                                             
                                                                                                                             
                                                                                                                             
                                                 YE                                                                          
                     SO                          SN                  UZ                                                      
                     ML                  TZ  SD  PG                  SB      MA                                              
     MZ              MW  TG      ZM      LR  MR  HT      TM      TJ  NP      ID  VU              VN                          
     LS  NG      GW  CI  GN      UG      GH  KE  ET  RW  NA  PK  KG  LA      FJ  GT      TH  CN  TN                          
     TD  AO      BI  CM  BF  NE  GM  ZW  AF  KM  ER  GA  MM  IN  TL  BT      BD  KH      GE  AM  DM  AL                      
     +---+---+---+---+---+---+---+---+---+---+---+---+---+---+---+---+---+---+---+---+---+---+---+---+---+---+---+---+---+---+
        3   2   0   2   5   3   1   3   1   4   4   6   2   3   2   3   5   0   4   3   0   2   2   3   1   0   0   0   0   0
Z 
Z 
P 
b2MODEL  2
c2DEFINITION
  END                                                                             
Z 
